[0.350s] Invoking command in '/home/parallels/ros2_ws/src/build/my_py_pkg': PYTHONPATH=/home/parallels/ros2_ws/src/build/my_py_pkg/prefix_override:/home/parallels/ros2_ws/src/install/my_py_pkg/lib/python3.10/site-packages:${PYTHONPATH} /usr/bin/python3 -W ignore:setup.py install is deprecated setup.py develop --editable --build-directory /home/parallels/ros2_ws/src/build/my_py_pkg/build --no-deps symlink_data --force
[0.485s] running develop
[0.486s] /usr/lib/python3/dist-packages/setuptools/command/easy_install.py:158: EasyInstallDeprecationWarning: easy_install command is deprecated. Use build and pip and other standards-based tools.
[0.486s]   warnings.warn(
[0.565s] running egg_info
[0.565s] writing my_py_pkg.egg-info/PKG-INFO
[0.566s] writing dependency_links to my_py_pkg.egg-info/dependency_links.txt
[0.566s] writing entry points to my_py_pkg.egg-info/entry_points.txt
[0.566s] writing requirements to my_py_pkg.egg-info/requires.txt
[0.566s] writing top-level names to my_py_pkg.egg-info/top_level.txt
[0.567s] reading manifest file 'my_py_pkg.egg-info/SOURCES.txt'
[0.568s] writing manifest file 'my_py_pkg.egg-info/SOURCES.txt'
[0.569s] running build_ext
[0.569s] Creating /home/parallels/ros2_ws/src/install/my_py_pkg/lib/python3.10/site-packages/my-py-pkg.egg-link (link to .)
[0.570s] Installing number_counter script to /home/parallels/ros2_ws/src/install/my_py_pkg/lib/my_py_pkg
[0.570s] Installing number_publisher script to /home/parallels/ros2_ws/src/install/my_py_pkg/lib/my_py_pkg
[0.570s] 
[0.570s] Installed /home/parallels/ros2_ws/src/build/my_py_pkg
[0.571s] running symlink_data
[0.571s] symbolically linking /home/parallels/ros2_ws/src/build/my_py_pkg/resource/my_py_pkg -> /home/parallels/ros2_ws/src/install/my_py_pkg/share/ament_index/resource_index/packages
[0.571s] symbolically linking /home/parallels/ros2_ws/src/build/my_py_pkg/package.xml -> /home/parallels/ros2_ws/src/install/my_py_pkg/share/my_py_pkg
[0.587s] Invoked command in '/home/parallels/ros2_ws/src/build/my_py_pkg' returned '0': PYTHONPATH=/home/parallels/ros2_ws/src/build/my_py_pkg/prefix_override:/home/parallels/ros2_ws/src/install/my_py_pkg/lib/python3.10/site-packages:${PYTHONPATH} /usr/bin/python3 -W ignore:setup.py install is deprecated setup.py develop --editable --build-directory /home/parallels/ros2_ws/src/build/my_py_pkg/build --no-deps symlink_data --force
