[0.502s] Invoking command in '/home/parallels/ros2_ws/src/build/my_py_pkg': PYTHONPATH=/home/parallels/ros2_ws/src/build/my_py_pkg/prefix_override:/home/parallels/ros2_ws/src/install/my_py_pkg/lib/python3.10/site-packages:${PYTHONPATH} /usr/bin/python3 -W ignore:setup.py install is deprecated setup.py develop --uninstall --editable --build-directory /home/parallels/ros2_ws/src/build/my_py_pkg/build
[0.647s] running develop
[0.648s] /usr/lib/python3/dist-packages/setuptools/command/easy_install.py:158: EasyInstallDeprecationWarning: easy_install command is deprecated. Use build and pip and other standards-based tools.
[0.648s]   warnings.warn(
[0.723s] Removing /home/parallels/ros2_ws/src/install/my_py_pkg/lib/python3.10/site-packages/my-py-pkg.egg-link (link to .)
[0.749s] Invoked command in '/home/parallels/ros2_ws/src/build/my_py_pkg' returned '0': PYTHONPATH=/home/parallels/ros2_ws/src/build/my_py_pkg/prefix_override:/home/parallels/ros2_ws/src/install/my_py_pkg/lib/python3.10/site-packages:${PYTHONPATH} /usr/bin/python3 -W ignore:setup.py install is deprecated setup.py develop --uninstall --editable --build-directory /home/parallels/ros2_ws/src/build/my_py_pkg/build
[0.750s] Invoking command in '/home/parallels/ros2_ws/src/my_py_pkg': PYTHONPATH=/home/parallels/ros2_ws/src/build/my_py_pkg/prefix_override:/home/parallels/ros2_ws/src/install/my_py_pkg/lib/python3.10/site-packages:${PYTHONPATH} /usr/bin/python3 -W ignore:setup.py install is deprecated setup.py egg_info --egg-base ../build/my_py_pkg build --build-base /home/parallels/ros2_ws/src/build/my_py_pkg/build install --record /home/parallels/ros2_ws/src/build/my_py_pkg/install.log --single-version-externally-managed install_data --force
[0.893s] running egg_info
[0.895s] writing ../build/my_py_pkg/my_py_pkg.egg-info/PKG-INFO
[0.896s] writing dependency_links to ../build/my_py_pkg/my_py_pkg.egg-info/dependency_links.txt
[0.896s] writing entry points to ../build/my_py_pkg/my_py_pkg.egg-info/entry_points.txt
[0.896s] writing requirements to ../build/my_py_pkg/my_py_pkg.egg-info/requires.txt
[0.896s] writing top-level names to ../build/my_py_pkg/my_py_pkg.egg-info/top_level.txt
[0.897s] reading manifest file '../build/my_py_pkg/my_py_pkg.egg-info/SOURCES.txt'
[0.898s] writing manifest file '../build/my_py_pkg/my_py_pkg.egg-info/SOURCES.txt'
[0.899s] running build
[0.900s] running build_py
[0.900s] copying my_py_pkg/number_publisher.py -> /home/parallels/ros2_ws/src/build/my_py_pkg/build/lib/my_py_pkg
[0.900s] copying my_py_pkg/number_counter.py -> /home/parallels/ros2_ws/src/build/my_py_pkg/build/lib/my_py_pkg
[0.900s] copying my_py_pkg/turtle_spawner.py -> /home/parallels/ros2_ws/src/build/my_py_pkg/build/lib/my_py_pkg
[0.900s] running install
[0.900s] running install_lib
[0.900s] creating /home/parallels/ros2_ws/src/install/my_py_pkg/lib/python3.10/site-packages/my_py_pkg
[0.900s] copying /home/parallels/ros2_ws/src/build/my_py_pkg/build/lib/my_py_pkg/number_publisher.py -> /home/parallels/ros2_ws/src/install/my_py_pkg/lib/python3.10/site-packages/my_py_pkg
[0.900s] copying /home/parallels/ros2_ws/src/build/my_py_pkg/build/lib/my_py_pkg/__init__.py -> /home/parallels/ros2_ws/src/install/my_py_pkg/lib/python3.10/site-packages/my_py_pkg
[0.900s] copying /home/parallels/ros2_ws/src/build/my_py_pkg/build/lib/my_py_pkg/number_counter.py -> /home/parallels/ros2_ws/src/install/my_py_pkg/lib/python3.10/site-packages/my_py_pkg
[0.900s] copying /home/parallels/ros2_ws/src/build/my_py_pkg/build/lib/my_py_pkg/turtle_spawner.py -> /home/parallels/ros2_ws/src/install/my_py_pkg/lib/python3.10/site-packages/my_py_pkg
[0.901s] byte-compiling /home/parallels/ros2_ws/src/install/my_py_pkg/lib/python3.10/site-packages/my_py_pkg/number_publisher.py to number_publisher.cpython-310.pyc
[0.901s] byte-compiling /home/parallels/ros2_ws/src/install/my_py_pkg/lib/python3.10/site-packages/my_py_pkg/__init__.py to __init__.cpython-310.pyc
[0.901s] byte-compiling /home/parallels/ros2_ws/src/install/my_py_pkg/lib/python3.10/site-packages/my_py_pkg/number_counter.py to number_counter.cpython-310.pyc
[0.901s] byte-compiling /home/parallels/ros2_ws/src/install/my_py_pkg/lib/python3.10/site-packages/my_py_pkg/turtle_spawner.py to turtle_spawner.cpython-310.pyc
[0.901s] running install_data
[0.901s] copying resource/my_py_pkg -> /home/parallels/ros2_ws/src/install/my_py_pkg/share/ament_index/resource_index/packages
[0.901s] copying package.xml -> /home/parallels/ros2_ws/src/install/my_py_pkg/share/my_py_pkg
[0.901s] running install_egg_info
[0.901s] Copying ../build/my_py_pkg/my_py_pkg.egg-info to /home/parallels/ros2_ws/src/install/my_py_pkg/lib/python3.10/site-packages/my_py_pkg-0.0.0-py3.10.egg-info
[0.902s] running install_scripts
[0.914s] Installing number_counter script to /home/parallels/ros2_ws/src/install/my_py_pkg/lib/my_py_pkg
[0.914s] Installing number_publisher script to /home/parallels/ros2_ws/src/install/my_py_pkg/lib/my_py_pkg
[0.914s] Installing turtle_spawner script to /home/parallels/ros2_ws/src/install/my_py_pkg/lib/my_py_pkg
[0.915s] writing list of installed files to '/home/parallels/ros2_ws/src/build/my_py_pkg/install.log'
[0.929s] Invoked command in '/home/parallels/ros2_ws/src/my_py_pkg' returned '0': PYTHONPATH=/home/parallels/ros2_ws/src/build/my_py_pkg/prefix_override:/home/parallels/ros2_ws/src/install/my_py_pkg/lib/python3.10/site-packages:${PYTHONPATH} /usr/bin/python3 -W ignore:setup.py install is deprecated setup.py egg_info --egg-base ../build/my_py_pkg build --build-base /home/parallels/ros2_ws/src/build/my_py_pkg/build install --record /home/parallels/ros2_ws/src/build/my_py_pkg/install.log --single-version-externally-managed install_data --force
