[0.350s] Invoking command in '/home/parallels/ros2_ws/src/my_py_pkg': PYTHONPATH=/home/parallels/ros2_ws/src/build/my_py_pkg/prefix_override:/home/parallels/ros2_ws/src/install/my_py_pkg/lib/python3.10/site-packages:${PYTHONPATH} /usr/bin/python3 -W ignore:setup.py install is deprecated setup.py egg_info --egg-base ../build/my_py_pkg build --build-base /home/parallels/ros2_ws/src/build/my_py_pkg/build install --record /home/parallels/ros2_ws/src/build/my_py_pkg/install.log --single-version-externally-managed install_data
[0.486s] running egg_info
[0.487s] writing ../build/my_py_pkg/my_py_pkg.egg-info/PKG-INFO
[0.488s] writing dependency_links to ../build/my_py_pkg/my_py_pkg.egg-info/dependency_links.txt
[0.488s] writing entry points to ../build/my_py_pkg/my_py_pkg.egg-info/entry_points.txt
[0.489s] writing requirements to ../build/my_py_pkg/my_py_pkg.egg-info/requires.txt
[0.489s] writing top-level names to ../build/my_py_pkg/my_py_pkg.egg-info/top_level.txt
[0.490s] reading manifest file '../build/my_py_pkg/my_py_pkg.egg-info/SOURCES.txt'
[0.491s] writing manifest file '../build/my_py_pkg/my_py_pkg.egg-info/SOURCES.txt'
[0.492s] running build
[0.492s] running install
[0.493s] running install_data
[0.493s] running install_egg_info
[0.495s] removing '/home/parallels/ros2_ws/src/install/my_py_pkg/lib/python3.10/site-packages/my_py_pkg-0.0.0-py3.10.egg-info' (and everything under it)
[0.498s] Copying ../build/my_py_pkg/my_py_pkg.egg-info to /home/parallels/ros2_ws/src/install/my_py_pkg/lib/python3.10/site-packages/my_py_pkg-0.0.0-py3.10.egg-info
[0.500s] running install_scripts
[0.513s] Installing number_counter script to /home/parallels/ros2_ws/src/install/my_py_pkg/lib/my_py_pkg
[0.513s] Installing number_publisher script to /home/parallels/ros2_ws/src/install/my_py_pkg/lib/my_py_pkg
[0.514s] Installing turtle_spawner script to /home/parallels/ros2_ws/src/install/my_py_pkg/lib/my_py_pkg
[0.514s] writing list of installed files to '/home/parallels/ros2_ws/src/build/my_py_pkg/install.log'
[0.530s] Invoked command in '/home/parallels/ros2_ws/src/my_py_pkg' returned '0': PYTHONPATH=/home/parallels/ros2_ws/src/build/my_py_pkg/prefix_override:/home/parallels/ros2_ws/src/install/my_py_pkg/lib/python3.10/site-packages:${PYTHONPATH} /usr/bin/python3 -W ignore:setup.py install is deprecated setup.py egg_info --egg-base ../build/my_py_pkg build --build-base /home/parallels/ros2_ws/src/build/my_py_pkg/build install --record /home/parallels/ros2_ws/src/build/my_py_pkg/install.log --single-version-externally-managed install_data
