[0.130s] Invoking command in '/home/parallels/ros2_ws/src/build/my_robot_bringup': CMAKE_PREFIX_PATH=/home/parallels/ros2_ws/install/my_py_pkg:/opt/ros/humble /usr/bin/cmake /home/parallels/ros2_ws/src/my_robot_bringup -DCMAKE_INSTALL_PREFIX=/home/parallels/ros2_ws/src/install/my_robot_bringup
[0.256s] -- The C compiler identification is GNU 11.4.0
[0.413s] -- The CXX compiler identification is GNU 11.4.0
[0.424s] -- Detecting C compiler ABI info
[0.501s] -- Detecting C compiler ABI info - done
[0.508s] -- Check for working C compiler: /usr/bin/cc - skipped
[0.508s] -- Detecting C compile features
[0.510s] -- Detecting C compile features - done
[0.512s] -- Detecting CXX compiler ABI info
[0.581s] -- Detecting CXX compiler ABI info - done
[0.587s] -- Check for working CXX compiler: /usr/bin/c++ - skipped
[0.587s] -- Detecting CXX compile features
[0.588s] -- Detecting CXX compile features - done
[0.598s] -- Found ament_cmake: 1.3.8 (/opt/ros/humble/share/ament_cmake/cmake)
[0.690s] -- Found Python3: /usr/bin/python3 (found version "3.10.12") found components: Interpreter 
[0.779s] -- Found ament_lint_auto: 0.12.10 (/opt/ros/humble/share/ament_lint_auto/cmake)
[0.834s] -- Added test 'lint_cmake' to check CMake code style
[0.836s] -- Added test 'xmllint' to check XML markup files
[0.839s] -- Configuring done
[0.848s] -- Generating done
[0.851s] -- Build files have been written to: /home/parallels/ros2_ws/src/build/my_robot_bringup
[0.858s] Invoked command in '/home/parallels/ros2_ws/src/build/my_robot_bringup' returned '0': CMAKE_PREFIX_PATH=/home/parallels/ros2_ws/install/my_py_pkg:/opt/ros/humble /usr/bin/cmake /home/parallels/ros2_ws/src/my_robot_bringup -DCMAKE_INSTALL_PREFIX=/home/parallels/ros2_ws/src/install/my_robot_bringup
[0.858s] Invoking command in '/home/parallels/ros2_ws/src/build/my_robot_bringup': CMAKE_PREFIX_PATH=/home/parallels/ros2_ws/install/my_py_pkg:/opt/ros/humble /usr/bin/cmake --build /home/parallels/ros2_ws/src/build/my_robot_bringup -- -j2 -l2
[0.889s] Invoked command in '/home/parallels/ros2_ws/src/build/my_robot_bringup' returned '0': CMAKE_PREFIX_PATH=/home/parallels/ros2_ws/install/my_py_pkg:/opt/ros/humble /usr/bin/cmake --build /home/parallels/ros2_ws/src/build/my_robot_bringup -- -j2 -l2
[0.911s] Invoking command in '/home/parallels/ros2_ws/src/build/my_robot_bringup': CMAKE_PREFIX_PATH=/home/parallels/ros2_ws/install/my_py_pkg:/opt/ros/humble /usr/bin/cmake --install /home/parallels/ros2_ws/src/build/my_robot_bringup
[0.917s] -- Install configuration: ""
[0.917s] -- Installing: /home/parallels/ros2_ws/src/install/my_robot_bringup/share/ament_index/resource_index/package_run_dependencies/my_robot_bringup
[0.917s] -- Installing: /home/parallels/ros2_ws/src/install/my_robot_bringup/share/ament_index/resource_index/parent_prefix_path/my_robot_bringup
[0.918s] -- Installing: /home/parallels/ros2_ws/src/install/my_robot_bringup/share/my_robot_bringup/environment/ament_prefix_path.sh
[0.919s] -- Installing: /home/parallels/ros2_ws/src/install/my_robot_bringup/share/my_robot_bringup/environment/ament_prefix_path.dsv
[0.919s] -- Installing: /home/parallels/ros2_ws/src/install/my_robot_bringup/share/my_robot_bringup/environment/path.sh
[0.920s] -- Installing: /home/parallels/ros2_ws/src/install/my_robot_bringup/share/my_robot_bringup/environment/path.dsv
[0.921s] -- Installing: /home/parallels/ros2_ws/src/install/my_robot_bringup/share/my_robot_bringup/local_setup.bash
[0.922s] -- Installing: /home/parallels/ros2_ws/src/install/my_robot_bringup/share/my_robot_bringup/local_setup.sh
[0.922s] -- Installing: /home/parallels/ros2_ws/src/install/my_robot_bringup/share/my_robot_bringup/local_setup.zsh
[0.922s] -- Installing: /home/parallels/ros2_ws/src/install/my_robot_bringup/share/my_robot_bringup/local_setup.dsv
[0.922s] -- Installing: /home/parallels/ros2_ws/src/install/my_robot_bringup/share/my_robot_bringup/package.dsv
[0.922s] -- Installing: /home/parallels/ros2_ws/src/install/my_robot_bringup/share/ament_index/resource_index/packages/my_robot_bringup
[0.923s] -- Installing: /home/parallels/ros2_ws/src/install/my_robot_bringup/share/my_robot_bringup/cmake/my_robot_bringupConfig.cmake
[0.923s] -- Installing: /home/parallels/ros2_ws/src/install/my_robot_bringup/share/my_robot_bringup/cmake/my_robot_bringupConfig-version.cmake
[0.923s] -- Installing: /home/parallels/ros2_ws/src/install/my_robot_bringup/share/my_robot_bringup/package.xml
[0.939s] Invoked command in '/home/parallels/ros2_ws/src/build/my_robot_bringup' returned '0': CMAKE_PREFIX_PATH=/home/parallels/ros2_ws/install/my_py_pkg:/opt/ros/humble /usr/bin/cmake --install /home/parallels/ros2_ws/src/build/my_robot_bringup
