[0.589s] Invoking command in '/home/parallels/ros2_ws/src/my_py_pkg': PYTHONPATH=/home/parallels/ros2_ws/src/build/my_py_pkg/prefix_override:/home/parallels/ros2_ws/src/install/my_py_pkg/lib/python3.10/site-packages:${PYTHONPATH} /usr/bin/python3 -W ignore:setup.py install is deprecated setup.py egg_info --egg-base ../build/my_py_pkg build --build-base /home/parallels/ros2_ws/src/build/my_py_pkg/build install --record /home/parallels/ros2_ws/src/build/my_py_pkg/install.log --single-version-externally-managed install_data
[0.806s] running egg_info
[0.807s] creating ../build/my_py_pkg/my_py_pkg.egg-info
[0.807s] writing ../build/my_py_pkg/my_py_pkg.egg-info/PKG-INFO
[0.808s] writing dependency_links to ../build/my_py_pkg/my_py_pkg.egg-info/dependency_links.txt
[0.808s] writing entry points to ../build/my_py_pkg/my_py_pkg.egg-info/entry_points.txt
[0.808s] writing requirements to ../build/my_py_pkg/my_py_pkg.egg-info/requires.txt
[0.809s] writing top-level names to ../build/my_py_pkg/my_py_pkg.egg-info/top_level.txt
[0.809s] writing manifest file '../build/my_py_pkg/my_py_pkg.egg-info/SOURCES.txt'
[0.811s] reading manifest file '../build/my_py_pkg/my_py_pkg.egg-info/SOURCES.txt'
[0.812s] writing manifest file '../build/my_py_pkg/my_py_pkg.egg-info/SOURCES.txt'
[0.812s] running build
[0.813s] running build_py
[0.813s] creating /home/parallels/ros2_ws/src/build/my_py_pkg/build
[0.813s] creating /home/parallels/ros2_ws/src/build/my_py_pkg/build/lib
[0.813s] creating /home/parallels/ros2_ws/src/build/my_py_pkg/build/lib/my_py_pkg
[0.814s] copying my_py_pkg/__init__.py -> /home/parallels/ros2_ws/src/build/my_py_pkg/build/lib/my_py_pkg
[0.814s] running install
[0.814s] running install_lib
[0.815s] creating /home/parallels/ros2_ws/src/install/my_py_pkg/lib/python3.10/site-packages/my_py_pkg
[0.815s] copying /home/parallels/ros2_ws/src/build/my_py_pkg/build/lib/my_py_pkg/__init__.py -> /home/parallels/ros2_ws/src/install/my_py_pkg/lib/python3.10/site-packages/my_py_pkg
[0.816s] byte-compiling /home/parallels/ros2_ws/src/install/my_py_pkg/lib/python3.10/site-packages/my_py_pkg/__init__.py to __init__.cpython-310.pyc
[0.817s] running install_data
[0.817s] creating /home/parallels/ros2_ws/src/install/my_py_pkg/share/ament_index
[0.817s] creating /home/parallels/ros2_ws/src/install/my_py_pkg/share/ament_index/resource_index
[0.817s] creating /home/parallels/ros2_ws/src/install/my_py_pkg/share/ament_index/resource_index/packages
[0.818s] copying resource/my_py_pkg -> /home/parallels/ros2_ws/src/install/my_py_pkg/share/ament_index/resource_index/packages
[0.818s] copying package.xml -> /home/parallels/ros2_ws/src/install/my_py_pkg/share/my_py_pkg
[0.818s] running install_egg_info
[0.819s] Copying ../build/my_py_pkg/my_py_pkg.egg-info to /home/parallels/ros2_ws/src/install/my_py_pkg/lib/python3.10/site-packages/my_py_pkg-0.0.0-py3.10.egg-info
[0.823s] running install_scripts
[0.852s] writing list of installed files to '/home/parallels/ros2_ws/src/build/my_py_pkg/install.log'
[0.879s] Invoked command in '/home/parallels/ros2_ws/src/my_py_pkg' returned '0': PYTHONPATH=/home/parallels/ros2_ws/src/build/my_py_pkg/prefix_override:/home/parallels/ros2_ws/src/install/my_py_pkg/lib/python3.10/site-packages:${PYTHONPATH} /usr/bin/python3 -W ignore:setup.py install is deprecated setup.py egg_info --egg-base ../build/my_py_pkg build --build-base /home/parallels/ros2_ws/src/build/my_py_pkg/build install --record /home/parallels/ros2_ws/src/build/my_py_pkg/install.log --single-version-externally-managed install_data
