[0.007s] Invoking command in '/home/parallels/ros2_ws/src/build/my_robot_interfaces': CMAKE_PREFIX_PATH=/home/parallels/ros2_ws/install/my_py_pkg:/opt/ros/humble /usr/bin/cmake /home/parallels/ros2_ws/src/my_robot_interfaces -DCMAKE_INSTALL_PREFIX=/home/parallels/ros2_ws/src/install/my_robot_interfaces
[0.043s] -- The C compiler identification is GNU 11.4.0
[0.075s] -- The CXX compiler identification is GNU 11.4.0
[0.081s] -- Detecting C compiler ABI info
[0.117s] -- Detecting C compiler ABI info - done
[0.120s] -- Check for working C compiler: /usr/bin/cc - skipped
[0.121s] -- Detecting C compile features
[0.121s] -- Detecting C compile features - done
[0.123s] -- Detecting CXX compiler ABI info
[0.166s] -- Detecting CXX compiler ABI info - done
[0.171s] -- Check for working CXX compiler: /usr/bin/c++ - skipped
[0.172s] -- Detecting CXX compile features
[0.172s] -- Detecting CXX compile features - done
[0.173s] -- Found ament_cmake: 1.3.8 (/opt/ros/humble/share/ament_cmake/cmake)
[0.248s] -- Found Python3: /usr/bin/python3 (found version "3.10.12") found components: Interpreter 
[0.310s] -- Found ament_lint_auto: 0.12.10 (/opt/ros/humble/share/ament_lint_auto/cmake)
[0.374s] -- Added test 'lint_cmake' to check CMake code style
[0.375s] -- Added test 'xmllint' to check XML markup files
[0.378s] -- Configuring done
[0.380s] -- Generating done
[0.380s] -- Build files have been written to: /home/parallels/ros2_ws/src/build/my_robot_interfaces
[0.389s] Invoked command in '/home/parallels/ros2_ws/src/build/my_robot_interfaces' returned '0': CMAKE_PREFIX_PATH=/home/parallels/ros2_ws/install/my_py_pkg:/opt/ros/humble /usr/bin/cmake /home/parallels/ros2_ws/src/my_robot_interfaces -DCMAKE_INSTALL_PREFIX=/home/parallels/ros2_ws/src/install/my_robot_interfaces
[0.389s] Invoking command in '/home/parallels/ros2_ws/src/build/my_robot_interfaces': CMAKE_PREFIX_PATH=/home/parallels/ros2_ws/install/my_py_pkg:/opt/ros/humble /usr/bin/cmake --build /home/parallels/ros2_ws/src/build/my_robot_interfaces -- -j2 -l2
[0.407s] Invoked command in '/home/parallels/ros2_ws/src/build/my_robot_interfaces' returned '0': CMAKE_PREFIX_PATH=/home/parallels/ros2_ws/install/my_py_pkg:/opt/ros/humble /usr/bin/cmake --build /home/parallels/ros2_ws/src/build/my_robot_interfaces -- -j2 -l2
[0.416s] Invoking command in '/home/parallels/ros2_ws/src/build/my_robot_interfaces': CMAKE_PREFIX_PATH=/home/parallels/ros2_ws/install/my_py_pkg:/opt/ros/humble /usr/bin/cmake --install /home/parallels/ros2_ws/src/build/my_robot_interfaces
[0.422s] -- Install configuration: ""
[0.422s] -- Installing: /home/parallels/ros2_ws/src/install/my_robot_interfaces/share/ament_index/resource_index/package_run_dependencies/my_robot_interfaces
[0.422s] -- Installing: /home/parallels/ros2_ws/src/install/my_robot_interfaces/share/ament_index/resource_index/parent_prefix_path/my_robot_interfaces
[0.422s] -- Installing: /home/parallels/ros2_ws/src/install/my_robot_interfaces/share/my_robot_interfaces/environment/ament_prefix_path.sh
[0.422s] -- Installing: /home/parallels/ros2_ws/src/install/my_robot_interfaces/share/my_robot_interfaces/environment/ament_prefix_path.dsv
[0.424s] -- Installing: /home/parallels/ros2_ws/src/install/my_robot_interfaces/share/my_robot_interfaces/environment/path.sh
[0.424s] -- Installing: /home/parallels/ros2_ws/src/install/my_robot_interfaces/share/my_robot_interfaces/environment/path.dsv
[0.425s] -- Installing: /home/parallels/ros2_ws/src/install/my_robot_interfaces/share/my_robot_interfaces/local_setup.bash
[0.425s] -- Installing: /home/parallels/ros2_ws/src/install/my_robot_interfaces/share/my_robot_interfaces/local_setup.sh
[0.425s] -- Installing: /home/parallels/ros2_ws/src/install/my_robot_interfaces/share/my_robot_interfaces/local_setup.zsh
[0.426s] -- Installing: /home/parallels/ros2_ws/src/install/my_robot_interfaces/share/my_robot_interfaces/local_setup.dsv
[0.426s] -- Installing: /home/parallels/ros2_ws/src/install/my_robot_interfaces/share/my_robot_interfaces/package.dsv
[0.426s] -- Installing: /home/parallels/ros2_ws/src/install/my_robot_interfaces/share/ament_index/resource_index/packages/my_robot_interfaces
[0.426s] -- Installing: /home/parallels/ros2_ws/src/install/my_robot_interfaces/share/my_robot_interfaces/cmake/my_robot_interfacesConfig.cmake
[0.426s] -- Installing: /home/parallels/ros2_ws/src/install/my_robot_interfaces/share/my_robot_interfaces/cmake/my_robot_interfacesConfig-version.cmake
[0.427s] -- Installing: /home/parallels/ros2_ws/src/install/my_robot_interfaces/share/my_robot_interfaces/package.xml
[0.429s] Invoked command in '/home/parallels/ros2_ws/src/build/my_robot_interfaces' returned '0': CMAKE_PREFIX_PATH=/home/parallels/ros2_ws/install/my_py_pkg:/opt/ros/humble /usr/bin/cmake --install /home/parallels/ros2_ws/src/build/my_robot_interfaces
